<testsuite name="QA Mocha Tests" tests="16" failures="0" errors="0" skipped="0" time="98.875">
<testcase classname="TC1004: Verify that session storage debug API delete sessions" name="TC1004: Verify that session storage debug API delete sessions" time="2.016"/>
<testcase classname="TC1005: Verify that session storage debug API get session ids" name="TC1005: Verify that session storage debug API get session ids" time="2.047"/>
<testcase classname="TC1006: Verify that session storage debug API get sessions and basic session storage info" name="TC1006: Verify that session storage debug API get sessions and basic session storage info" time="2.11"/>
<testcase classname="TC1007: Verify that session storage debug API get session {id} and basic session storage info" name="TC1007: Verify that session storage debug API get session {id} and basic session storage info" time="2.094"/>
<testcase classname="TC1008: Verify that session storage debug API delete specific session {id}" name="TC1008: Verify that session storage debug API delete specific session {id}" time="2.125"/>
<testcase classname="TC1010: Verify that Live Assist MRCP driven API method /startSession" name="TC1010: Verify that Live Assist MRCP driven API method /startSession" time="2.015"/>
<testcase classname="TC1011: Verify that Live Assist MRCP driven API method /endSession" name="TC1011: Verify that Live Assist MRCP driven API method /endSession" time="3.047"/>
<testcase classname="TC1012: Verify that Live Assist MRCP driven API method /startRecognition" name="TC1012: Verify that Live Assist MRCP driven API method /startRecognition" time="3.094"/>
<testcase classname="TC1013: Verify that Live Assist MRCP driven API method /sendRecognitionResult" name="TC1013: Verify that Live Assist MRCP driven API method /sendRecognitionResult" time="3.656"/>
<testcase classname="TC1014: Verify that Live Assist application context configuration when applicationID not exist" name="TC1014: Verify that Live Assist application context configuration when applicationID not exist" time="5.25"/>
<testcase classname="TC1015: Verify that Live Assist application context configuration load failure when configurationName does not exist" name="TC1015: Verify that Live Assist application context configuration load failure when configurationName does not exist" time="5.234"/>
<testcase classname="TC1016: Verify that Live Assist load correct application context configuration based on orgnizationID applicationID configurationName and no grammars" name="TC1016: Verify that Live Assist load correct application context configuration based on orgnizationID applicationID configurationName and no grammars" time="5.281"/>
<testcase classname="TC1017: Verify that Live Assist load application context configuration load default value when configurationName and grammars fields do not exist" name="TC1017: Verify that Live Assist load application context configuration load default value when configurationName and grammars fields do not exist" time="5.312"/>
<testcase classname="TC1018: Verify that Live Assist load correct application context configuration for valid applicationID and grammars URI that exist in the configuration" name="TC1018: Verify that Live Assist load correct application context configuration for valid applicationID and grammars URI that exist in the configuration" time="5.312"/>
<testcase classname="TC1019: Verify that Live Assist load correct application context configuration base on dnis and configurationName" name="TC1019: Verify that Live Assist load correct application context configuration base on dnis and configurationName" time="5.343"/>
<testcase classname="TC1020: Verify that updated Live Assist MRCP driven API method /sendRecognitionResult with state and completionCause check" name="TC1020: Verify that updated Live Assist MRCP driven API method /sendRecognitionResult with state and completionCause check" time="2.828"/>
</testsuite>